<?xml version="1.0" encoding="UTF-8"?>
<!-- Generated by org.testng.reporters.JUnitXMLReporter -->
<testsuite hostname="Hema-PC" ignored="0" name="Default test" tests="3" failures="0" timestamp="22 May 2018 01:12:22 GMT" time="0.189" errors="0">
  <testcase name="restTest" time="0.022" classname="restAssured.RestAssuredTest2"/>
  <testcase name="restTest1" time="0.003" classname="restAssured.RestAssuredTest2"/>
  <testcase name="restTest2" time="0.003" classname="restAssured.RestAssuredTest2"/>
</testsuite> <!-- Default test -->
